# JRE version: Java(TM) SE Runtime Environment (7.0_51-b13) (build 1.7.0_51-b13)
# Java VM: Java HotSpot(TM) 64-Bit Server VM (24.51-b03 mixed mode linux-amd64 compressed oops)
Heap
 PSYoungGen      total 241664K, used 17393K [0x00000000ec080000, 0x00000000fbd80000, 0x0000000100000000)
  eden space 224256K, 0% used [0x00000000ec080000,0x00000000ec080000,0x00000000f9b80000)
  from space 17408K, 99% used [0x00000000f9b80000,0x00000000fac7c470,0x00000000fac80000)
  to   space 14848K, 0% used [0x00000000faf00000,0x00000000faf00000,0x00000000fbd80000)
 ParOldGen       total 60928K, used 42226K [0x00000000c4200000, 0x00000000c7d80000, 0x00000000ec080000)
  object space 60928K, 69% used [0x00000000c4200000,0x00000000c6b3cb40,0x00000000c7d80000)
 PSPermGen       total 21504K, used 9162K [0x00000000bf000000, 0x00000000c0500000, 0x00000000c4200000)
  object space 21504K, 42% used [0x00000000bf000000,0x00000000bf8f28e8,0x00000000c0500000)
GC Heap History (10 events):
Event: 3986.765 GC heap after
Heap after GC invocations=5 (full 0):
 PSYoungGen      total 64000K, used 2547K [0x00000000ec080000, 0x00000000f5180000, 0x0000000100000000)
  eden space 61440K, 0% used [0x00000000ec080000,0x00000000ec080000,0x00000000efc80000)
  from space 2560K, 99% used [0x00000000efc80000,0x00000000efefcd30,0x00000000eff00000)
  to   space 12800K, 0% used [0x00000000f4500000,0x00000000f4500000,0x00000000f5180000)
 ParOldGen       total 40448K, used 23282K [0x00000000c4200000, 0x00000000c6980000, 0x00000000ec080000)
  object space 40448K, 57% used [0x00000000c4200000,0x00000000c58bc9b8,0x00000000c6980000)
 PSPermGen       total 21504K, used 9082K [0x00000000bf000000, 0x00000000c0500000, 0x00000000c4200000)
  object space 21504K, 42% used [0x00000000bf000000,0x00000000bf8deb38,0x00000000c0500000)
}
Event: 3988.445 GC heap before
{Heap before GC invocations=6 (full 0):
 PSYoungGen      total 64000K, used 63987K [0x00000000ec080000, 0x00000000f5180000, 0x0000000100000000)
  eden space 61440K, 100% used [0x00000000ec080000,0x00000000efc80000,0x00000000efc80000)
  from space 2560K, 99% used [0x00000000efc80000,0x00000000efefcd30,0x00000000eff00000)
  to   space 12800K, 0% used [0x00000000f4500000,0x00000000f4500000,0x00000000f5180000)
 ParOldGen       total 40448K, used 23282K [0x00000000c4200000, 0x00000000c6980000, 0x00000000ec080000)
  object space 40448K, 57% used [0x00000000c4200000,0x00000000c58bc9b8,0x00000000c6980000)
 PSPermGen       total 21504K, used 9094K [0x00000000bf000000, 0x00000000c0500000, 0x00000000c4200000)
  object space 21504K, 42% used [0x00000000bf000000,0x00000000bf8e19f0,0x00000000c0500000)
Event: 3988.630 GC heap after
Heap after GC invocations=6 (full 0):
 PSYoungGen      total 129536K, used 12787K [0x00000000ec080000, 0x00000000f5d80000, 0x0000000100000000)
  eden space 116736K, 0% used [0x00000000ec080000,0x00000000ec080000,0x00000000f3280000)
  from space 12800K, 99% used [0x00000000f4500000,0x00000000f517cde8,0x00000000f5180000)
  to   space 18944K, 0% used [0x00000000f3280000,0x00000000f3280000,0x00000000f4500000)
 ParOldGen       total 40448K, used 30366K [0x00000000c4200000, 0x00000000c6980000, 0x00000000ec080000)
  object space 40448K, 75% used [0x00000000c4200000,0x00000000c5fa7890,0x00000000c6980000)
 PSPermGen       total 21504K, used 9094K [0x00000000bf000000, 0x00000000c0500000, 0x00000000c4200000)
  object space 21504K, 42% used [0x00000000bf000000,0x00000000bf8e19f0,0x00000000c0500000)
}
Event: 3988.630 GC heap before
{Heap before GC invocations=7 (full 1):
 PSYoungGen      total 129536K, used 12787K [0x00000000ec080000, 0x00000000f5d80000, 0x0000000100000000)
  eden space 116736K, 0% used [0x00000000ec080000,0x00000000ec080000,0x00000000f3280000)
  from space 12800K, 99% used [0x00000000f4500000,0x00000000f517cde8,0x00000000f5180000)
  to   space 18944K, 0% used [0x00000000f3280000,0x00000000f3280000,0x00000000f4500000)
 ParOldGen       total 40448K, used 30366K [0x00000000c4200000, 0x00000000c6980000, 0x00000000ec080000)
  object space 40448K, 75% used [0x00000000c4200000,0x00000000c5fa7890,0x00000000c6980000)
 PSPermGen       total 21504K, used 9094K [0x00000000bf000000, 0x00000000c0500000, 0x00000000c4200000)
  object space 21504K, 42% used [0x00000000bf000000,0x00000000bf8e19f0,0x00000000c0500000)
Event: 4030.060 GC heap after
Heap after GC invocations=7 (full 1):
 PSYoungGen      total 129536K, used 0K [0x00000000ec080000, 0x00000000f5d80000, 0x0000000100000000)
  eden space 116736K, 0% used [0x00000000ec080000,0x00000000ec080000,0x00000000f3280000)
  from space 12800K, 0% used [0x00000000f4500000,0x00000000f4500000,0x00000000f5180000)
  to   space 18944K, 0% used [0x00000000f3280000,0x00000000f3280000,0x00000000f4500000)
 ParOldGen       total 60928K, used 33482K [0x00000000c4200000, 0x00000000c7d80000, 0x00000000ec080000)
  object space 60928K, 54% used [0x00000000c4200000,0x00000000c62b2b80,0x00000000c7d80000)
 PSPermGen       total 21504K, used 9072K [0x00000000bf000000, 0x00000000c0500000, 0x00000000c4200000)
  object space 21504K, 42% used [0x00000000bf000000,0x00000000bf8dc0e0,0x00000000c0500000)
}
Event: 4034.577 GC heap before
{Heap before GC invocations=8 (full 1):
 PSYoungGen      total 129536K, used 116736K [0x00000000ec080000, 0x00000000f5d80000, 0x0000000100000000)
  eden space 116736K, 100% used [0x00000000ec080000,0x00000000f3280000,0x00000000f3280000)
  from space 12800K, 0% used [0x00000000f4500000,0x00000000f4500000,0x00000000f5180000)
  to   space 18944K, 0% used [0x00000000f3280000,0x00000000f3280000,0x00000000f4500000)
 ParOldGen       total 60928K, used 33482K [0x00000000c4200000, 0x00000000c7d80000, 0x00000000ec080000)
  object space 60928K, 54% used [0x00000000c4200000,0x00000000c62b2b80,0x00000000c7d80000)
 PSPermGen       total 21504K, used 9090K [0x00000000bf000000, 0x00000000c0500000, 0x00000000c4200000)
  object space 21504K, 42% used [0x00000000bf000000,0x00000000bf8e09a8,0x00000000c0500000)
Event: 4051.858 GC heap after
Heap after GC invocations=8 (full 1):
 PSYoungGen      total 135680K, used 6528K [0x00000000ec080000, 0x00000000fc100000, 0x0000000100000000)
  eden space 116736K, 0% used [0x00000000ec080000,0x00000000ec080000,0x00000000f3280000)
  from space 18944K, 34% used [0x00000000f3280000,0x00000000f38e0000,0x00000000f4500000)
  to   space 18432K, 0% used [0x00000000faf00000,0x00000000faf00000,0x00000000fc100000)
 ParOldGen       total 60928K, used 33482K [0x00000000c4200000, 0x00000000c7d80000, 0x00000000ec080000)
  object space 60928K, 54% used [0x00000000c4200000,0x00000000c62b2b80,0x00000000c7d80000)
 PSPermGen       total 21504K, used 9090K [0x00000000bf000000, 0x00000000c0500000, 0x00000000c4200000)
  object space 21504K, 42% used [0x00000000bf000000,0x00000000bf8e09a8,0x00000000c0500000)
}
Event: 4166.215 GC heap before
{Heap before GC invocations=9 (full 1):
 PSYoungGen      total 135680K, used 123264K [0x00000000ec080000, 0x00000000fc100000, 0x0000000100000000)
  eden space 116736K, 100% used [0x00000000ec080000,0x00000000f3280000,0x00000000f3280000)
  from space 18944K, 34% used [0x00000000f3280000,0x00000000f38e0000,0x00000000f4500000)
  to   space 18432K, 0% used [0x00000000faf00000,0x00000000faf00000,0x00000000fc100000)
 ParOldGen       total 60928K, used 33482K [0x00000000c4200000, 0x00000000c7d80000, 0x00000000ec080000)
  object space 60928K, 54% used [0x00000000c4200000,0x00000000c62b2b80,0x00000000c7d80000)
 PSPermGen       total 21504K, used 9127K [0x00000000bf000000, 0x00000000c0500000, 0x00000000c4200000)
  object space 21504K, 42% used [0x00000000bf000000,0x00000000bf8e9ea8,0x00000000c0500000)
Event: 4172.766 GC heap after
Heap after GC invocations=9 (full 1):
 PSYoungGen      total 239104K, used 7130K [0x00000000ec080000, 0x00000000fbd80000, 0x0000000100000000)
  eden space 224256K, 0% used [0x00000000ec080000,0x00000000ec080000,0x00000000f9b80000)
  from space 14848K, 48% used [0x00000000faf00000,0x00000000fb5f69b0,0x00000000fbd80000)
  to   space 17408K, 0% used [0x00000000f9b80000,0x00000000f9b80000,0x00000000fac80000)
 ParOldGen       total 60928K, used 33482K [0x00000000c4200000, 0x00000000c7d80000, 0x00000000ec080000)
  object space 60928K, 54% used [0x00000000c4200000,0x00000000c62b2b80,0x00000000c7d80000)
 PSPermGen       total 21504K, used 9127K [0x00000000bf000000, 0x00000000c0500000, 0x00000000c4200000)
  object space 21504K, 42% used [0x00000000bf000000,0x00000000bf8e9ea8,0x00000000c0500000)
}
Event: 4220.456 GC heap before
{Heap before GC invocations=10 (full 1):
 PSYoungGen      total 239104K, used 231386K [0x00000000ec080000, 0x00000000fbd80000, 0x0000000100000000)
  eden space 224256K, 100% used [0x00000000ec080000,0x00000000f9b80000,0x00000000f9b80000)
  from space 14848K, 48% used [0x00000000faf00000,0x00000000fb5f69b0,0x00000000fbd80000)
  to   space 17408K, 0% used [0x00000000f9b80000,0x00000000f9b80000,0x00000000fac80000)
 ParOldGen       total 60928K, used 33482K [0x00000000c4200000, 0x00000000c7d80000, 0x00000000ec080000)
  object space 60928K, 54% used [0x00000000c4200000,0x00000000c62b2b80,0x00000000c7d80000)
 PSPermGen       total 21504K, used 9162K [0x00000000bf000000, 0x00000000c0500000, 0x00000000c4200000)
  object space 21504K, 42% used [0x00000000bf000000,0x00000000bf8f28e8,0x00000000c0500000)

